
Model intermediate layer output
==========================

in_data : (10000, 784)
----------------------------------------------
layer1_output : (10000, 512)
----------------------------------------------
activation1_output : (10000, 512)
----------------------------------------------
layer2_output : (10000, 256)
----------------------------------------------
activation2_output : (10000, 256)
----------------------------------------------
layer3_output : (10000, 128)
----------------------------------------------
activation3_output : (10000, 128)
----------------------------------------------
layer4_output : (10000, 64)
----------------------------------------------
activation4_output : (10000, 64)
----------------------------------------------
layer5_output : (10000, 10)
----------------------------------------------
activation5_output : (10000, 10)
iact5.shape : (10000, 10)
in_data.shape : (10000, 784)
Gram(X) : [[1.         0.13533529 0.13533529 ... 0.13533529 0.13533529 0.13533529]
 [0.13533529 1.         0.13533529 ... 0.13533529 0.13533529 0.13533529]
 [0.13533529 0.13533529 1.         ... 0.13533529 0.13533529 0.13533529]
 ...
 [0.13533529 0.13533529 0.13533529 ... 1.         0.13533529 0.13533529]
 [0.13533529 0.13533529 0.13533529 ... 0.13533529 1.         0.13533529]
 [0.13533529 0.13533529 0.13533529 ... 0.13533529 0.13533529 1.        ]] 
Gram(X) mean : 0.22442111384013888
Gram(Y) : [[1. 0. 0. ... 0. 0. 0.]
 [0. 1. 0. ... 0. 0. 0.]
 [0. 0. 1. ... 0. 0. 0.]
 ...
 [0. 0. 0. ... 1. 0. 0.]
 [0. 0. 0. ... 0. 1. 0.]
 [0. 0. 0. ... 0. 0. 1.]] 
Gram(Y) mean : 0.0001

-------------------------------------------------
HSIC(iact5, in_data) = 7.757340252075598e-05
m : 10000
sigma : 1
-------------------------------------------------

iact5.shape : (10000, 10)
lay1.shape : (10000, 512)
Gram(X) : [[1.         0.13533529 0.13533529 ... 0.13533529 0.13533529 0.13533529]
 [0.13533529 1.         0.13533529 ... 0.13533529 0.13533529 0.13533529]
 [0.13533529 0.13533529 1.         ... 0.13533529 0.13533529 0.13533529]
 ...
 [0.13533529 0.13533529 0.13533529 ... 1.         0.13533529 0.13533529]
 [0.13533529 0.13533529 0.13533529 ... 0.13533529 1.         0.13533529]
 [0.13533529 0.13533529 0.13533529 ... 0.13533529 0.13533529 1.        ]] 
Gram(X) mean : 0.22442111384013888
Gram(Y) : [[1. 0. 0. ... 0. 0. 0.]
 [0. 1. 0. ... 0. 0. 0.]
 [0. 0. 1. ... 0. 0. 0.]
 ...
 [0. 0. 0. ... 1. 0. 0.]
 [0. 0. 0. ... 0. 1. 0.]
 [0. 0. 0. ... 0. 0. 1.]] 
Gram(Y) mean : 0.0001

-------------------------------------------------
HSIC(iact5, lay1) = 7.757340252075598e-05
m : 10000
sigma : 1
-------------------------------------------------

iact5.shape : (10000, 10)
act1.shape : (10000, 512)
Gram(X) : [[1.         0.13533529 0.13533529 ... 0.13533529 0.13533529 0.13533529]
 [0.13533529 1.         0.13533529 ... 0.13533529 0.13533529 0.13533529]
 [0.13533529 0.13533529 1.         ... 0.13533529 0.13533529 0.13533529]
 ...
 [0.13533529 0.13533529 0.13533529 ... 1.         0.13533529 0.13533529]
 [0.13533529 0.13533529 0.13533529 ... 0.13533529 1.         0.13533529]
 [0.13533529 0.13533529 0.13533529 ... 0.13533529 0.13533529 1.        ]] 
Gram(X) mean : 0.22442111384013888
Gram(Y) : [[1. 0. 0. ... 0. 0. 0.]
 [0. 1. 0. ... 0. 0. 0.]
 [0. 0. 1. ... 0. 0. 0.]
 ...
 [0. 0. 0. ... 1. 0. 0.]
 [0. 0. 0. ... 0. 1. 0.]
 [0. 0. 0. ... 0. 0. 1.]] 
Gram(Y) mean : 0.0001

-------------------------------------------------
HSIC(iact5, act1) = 7.757340252075598e-05
m : 10000
sigma : 1
-------------------------------------------------

iact5.shape : (10000, 10)
lay2.shape : (10000, 256)
Gram(X) : [[1.         0.13533529 0.13533529 ... 0.13533529 0.13533529 0.13533529]
 [0.13533529 1.         0.13533529 ... 0.13533529 0.13533529 0.13533529]
 [0.13533529 0.13533529 1.         ... 0.13533529 0.13533529 0.13533529]
 ...
 [0.13533529 0.13533529 0.13533529 ... 1.         0.13533529 0.13533529]
 [0.13533529 0.13533529 0.13533529 ... 0.13533529 1.         0.13533529]
 [0.13533529 0.13533529 0.13533529 ... 0.13533529 0.13533529 1.        ]] 
Gram(X) mean : 0.22442111384013888
Gram(Y) : [[1. 0. 0. ... 0. 0. 0.]
 [0. 1. 0. ... 0. 0. 0.]
 [0. 0. 1. ... 0. 0. 0.]
 ...
 [0. 0. 0. ... 1. 0. 0.]
 [0. 0. 0. ... 0. 1. 0.]
 [0. 0. 0. ... 0. 0. 1.]] 
Gram(Y) mean : 0.0001

-------------------------------------------------
HSIC(iact5, lay2) = 7.757340252075598e-05
m : 10000
sigma : 1
-------------------------------------------------

iact5.shape : (10000, 10)
act2.shape : (10000, 256)
Gram(X) : [[1.         0.13533529 0.13533529 ... 0.13533529 0.13533529 0.13533529]
 [0.13533529 1.         0.13533529 ... 0.13533529 0.13533529 0.13533529]
 [0.13533529 0.13533529 1.         ... 0.13533529 0.13533529 0.13533529]
 ...
 [0.13533529 0.13533529 0.13533529 ... 1.         0.13533529 0.13533529]
 [0.13533529 0.13533529 0.13533529 ... 0.13533529 1.         0.13533529]
 [0.13533529 0.13533529 0.13533529 ... 0.13533529 0.13533529 1.        ]] 
Gram(X) mean : 0.22442111384013888
Gram(Y) : [[1. 0. 0. ... 0. 0. 0.]
 [0. 1. 0. ... 0. 0. 0.]
 [0. 0. 1. ... 0. 0. 0.]
 ...
 [0. 0. 0. ... 1. 0. 0.]
 [0. 0. 0. ... 0. 1. 0.]
 [0. 0. 0. ... 0. 0. 1.]] 
Gram(Y) mean : 0.0001

-------------------------------------------------
HSIC(iact5, act2) = 7.757340252075598e-05
m : 10000
sigma : 1
-------------------------------------------------

iact5.shape : (10000, 10)
lay3.shape : (10000, 128)
Gram(X) : [[1.         0.13533529 0.13533529 ... 0.13533529 0.13533529 0.13533529]
 [0.13533529 1.         0.13533529 ... 0.13533529 0.13533529 0.13533529]
 [0.13533529 0.13533529 1.         ... 0.13533529 0.13533529 0.13533529]
 ...
 [0.13533529 0.13533529 0.13533529 ... 1.         0.13533529 0.13533529]
 [0.13533529 0.13533529 0.13533529 ... 0.13533529 1.         0.13533529]
 [0.13533529 0.13533529 0.13533529 ... 0.13533529 0.13533529 1.        ]] 
Gram(X) mean : 0.22442111384013888
Gram(Y) : [[1. 0. 0. ... 0. 0. 0.]
 [0. 1. 0. ... 0. 0. 0.]
 [0. 0. 1. ... 0. 0. 0.]
 ...
 [0. 0. 0. ... 1. 0. 0.]
 [0. 0. 0. ... 0. 1. 0.]
 [0. 0. 0. ... 0. 0. 1.]] 
Gram(Y) mean : 0.0001

-------------------------------------------------
HSIC(iact5, lay3) = 7.757340252075598e-05
m : 10000
sigma : 1
-------------------------------------------------

iact5.shape : (10000, 10)
act3.shape : (10000, 128)
Gram(X) : [[1.         0.13533529 0.13533529 ... 0.13533529 0.13533529 0.13533529]
 [0.13533529 1.         0.13533529 ... 0.13533529 0.13533529 0.13533529]
 [0.13533529 0.13533529 1.         ... 0.13533529 0.13533529 0.13533529]
 ...
 [0.13533529 0.13533529 0.13533529 ... 1.         0.13533529 0.13533529]
 [0.13533529 0.13533529 0.13533529 ... 0.13533529 1.         0.13533529]
 [0.13533529 0.13533529 0.13533529 ... 0.13533529 0.13533529 1.        ]] 
Gram(X) mean : 0.22442111384013888
Gram(Y) : [[1. 0. 0. ... 0. 0. 0.]
 [0. 1. 0. ... 0. 0. 0.]
 [0. 0. 1. ... 0. 0. 0.]
 ...
 [0. 0. 0. ... 1. 0. 0.]
 [0. 0. 0. ... 0. 1. 0.]
 [0. 0. 0. ... 0. 0. 1.]] 
Gram(Y) mean : 0.0001

-------------------------------------------------
HSIC(iact5, act3) = 7.757340252075598e-05
m : 10000
sigma : 1
-------------------------------------------------

iact5.shape : (10000, 10)
lay4.shape : (10000, 64)
Gram(X) : [[1.         0.13533529 0.13533529 ... 0.13533529 0.13533529 0.13533529]
 [0.13533529 1.         0.13533529 ... 0.13533529 0.13533529 0.13533529]
 [0.13533529 0.13533529 1.         ... 0.13533529 0.13533529 0.13533529]
 ...
 [0.13533529 0.13533529 0.13533529 ... 1.         0.13533529 0.13533529]
 [0.13533529 0.13533529 0.13533529 ... 0.13533529 1.         0.13533529]
 [0.13533529 0.13533529 0.13533529 ... 0.13533529 0.13533529 1.        ]] 
Gram(X) mean : 0.22442111384013888
Gram(Y) : [[1. 0. 0. ... 0. 0. 0.]
 [0. 1. 0. ... 0. 0. 0.]
 [0. 0. 1. ... 0. 0. 0.]
 ...
 [0. 0. 0. ... 1. 0. 0.]
 [0. 0. 0. ... 0. 1. 0.]
 [0. 0. 0. ... 0. 0. 1.]] 
Gram(Y) mean : 0.0001

-------------------------------------------------
HSIC(iact5, lay4) = 7.757340252075598e-05
m : 10000
sigma : 1
-------------------------------------------------

iact5.shape : (10000, 10)
act4.shape : (10000, 64)
Gram(X) : [[1.         0.13533529 0.13533529 ... 0.13533529 0.13533529 0.13533529]
 [0.13533529 1.         0.13533529 ... 0.13533529 0.13533529 0.13533529]
 [0.13533529 0.13533529 1.         ... 0.13533529 0.13533529 0.13533529]
 ...
 [0.13533529 0.13533529 0.13533529 ... 1.         0.13533529 0.13533529]
 [0.13533529 0.13533529 0.13533529 ... 0.13533529 1.         0.13533529]
 [0.13533529 0.13533529 0.13533529 ... 0.13533529 0.13533529 1.        ]] 
Gram(X) mean : 0.22442111384013888
Gram(Y) : [[1. 0. 0. ... 0. 0. 0.]
 [0. 1. 0. ... 0. 0. 0.]
 [0. 0. 1. ... 0. 0. 0.]
 ...
 [0. 0. 0. ... 1. 0. 0.]
 [0. 0. 0. ... 0. 1. 0.]
 [0. 0. 0. ... 0. 0. 1.]] 
Gram(Y) mean : 0.00010000004018008431

-------------------------------------------------
HSIC(iact5, act4) = 7.757343358306383e-05
m : 10000
sigma : 1
-------------------------------------------------

iact5.shape : (10000, 10)
lay5.shape : (10000, 10)
Gram(X) : [[1.         0.13533529 0.13533529 ... 0.13533529 0.13533529 0.13533529]
 [0.13533529 1.         0.13533529 ... 0.13533529 0.13533529 0.13533529]
 [0.13533529 0.13533529 1.         ... 0.13533529 0.13533529 0.13533529]
 ...
 [0.13533529 0.13533529 0.13533529 ... 1.         0.13533529 0.13533529]
 [0.13533529 0.13533529 0.13533529 ... 0.13533529 1.         0.13533529]
 [0.13533529 0.13533529 0.13533529 ... 0.13533529 0.13533529 1.        ]] 
Gram(X) mean : 0.22442111384013888
Gram(Y) : [[1. 0. 0. ... 0. 0. 0.]
 [0. 1. 0. ... 0. 0. 0.]
 [0. 0. 1. ... 0. 0. 0.]
 ...
 [0. 0. 0. ... 1. 0. 0.]
 [0. 0. 0. ... 0. 1. 0.]
 [0. 0. 0. ... 0. 0. 1.]] 
Gram(Y) mean : 0.00010030268617662763

-------------------------------------------------
HSIC(iact5, lay5) = 7.78079806869963e-05
m : 10000
sigma : 1
-------------------------------------------------

lay1.shape : (10000, 10)
act5.shape : (10000, 10)
Gram(X) : [[1.         0.13533529 0.13533529 ... 0.13533529 0.13533529 0.13533529]
 [0.13533529 1.         0.13533529 ... 0.13533529 0.13533529 0.13533529]
 [0.13533529 0.13533529 1.         ... 0.13533529 0.13533529 0.13533529]
 ...
 [0.13533529 0.13533529 0.13533529 ... 1.         0.13533529 0.13533529]
 [0.13533529 0.13533529 0.13533529 ... 0.13533529 1.         0.13533529]
 [0.13533529 0.13533529 0.13533529 ... 0.13533529 0.13533529 1.        ]] 
Gram(X) mean : 0.22442111384013888
Gram(Y) : [[1.         0.13533529 0.13533529 ... 0.13533529 0.13533529 0.13533529]
 [0.13533529 1.         0.13533529 ... 0.13533529 0.13533529 0.13533529]
 [0.13533529 0.13533529 1.         ... 0.13533529 0.13533529 0.13533529]
 ...
 [0.13533529 0.13533529 0.13533529 ... 1.         0.13533529 0.13533529]
 [0.13533529 0.13533529 0.13533529 ... 0.13533529 1.         0.13533529]
 [0.13533529 0.13533529 0.13533529 ... 0.13533529 0.13533529 1.        ]] 
Gram(Y) mean : 0.22442111384013888

-------------------------------------------------
HSIC(lay1, act5) = 0.06657034807049347
m : 10000
sigma : 1
-------------------------------------------------

